#
# There is insufficient memory for the Java Runtime Environment to continue.
# Native memory allocation (malloc) failed to allocate 769936 bytes. Error detail: Chunk::new
# Possible reasons:
#   The system is out of physical RAM or swap space
#   This process is running with CompressedOops enabled, and the Java Heap may be blocking the growth of the native heap
# Possible solutions:
#   Reduce memory load on the system
#   Increase physical memory or swap space
#   Check if swap backing store is full
#   Decrease Java heap size (-Xmx/-Xms)
#   Decrease number of Java threads
#   Decrease Java thread stack sizes (-Xss)
#   Set larger code cache with -XX:ReservedCodeCacheSize=
#   JVM is running with Unscaled Compressed Oops mode in which the Java heap is
#     placed in the first 4GB address space. The Java Heap base address is the
#     maximum limit for the native heap growth. Please use -XX:HeapBaseMinAddress
#     to set the Java Heap base and to place the Java Heap above 4GB virtual address.
# This output file may be truncated or incomplete.
#
#  Out of Memory Error (arena.cpp:149), pid=9364, tid=12688
#
# JRE version: Java(TM) SE Runtime Environment (23.0.2+7) (build 23.0.2+7-58)
# Java VM: Java HotSpot(TM) 64-Bit Server VM (23.0.2+7-58, mixed mode, sharing, tiered, compressed oops, compressed class ptrs, g1 gc, windows-amd64)
# No core dump will be written. Minidumps are not enabled by default on client versions of Windows
#

---------------  S U M M A R Y ------------

Command Line: -javaagent:D:\IntelliJ IDEA 2024.3.4.1\lib\idea_rt.jar=57939 -Dfile.encoding=UTF-8 -Dsun.stdout.encoding=UTF-8 -Dsun.stderr.encoding=UTF-8 --module-path=C:\Users\DELL\.m2\repository\com\fasterxml\jackson\core\jackson-databind\2.14.2\jackson-databind-2.14.2.jar;C:\Users\DELL\.m2\repository\com\gluonhq\attach\audio\4.0.17\audio-4.0.17.jar;C:\Users\DELL\.m2\repository\eu\hansolo\toolboxfx\21.0.3\toolboxfx-21.0.3.jar;C:\Users\DELL\.m2\repository\eu\hansolo\fx\countries\21.0.3\countries-21.0.3.jar;C:\Users\DELL\.m2\repository\com\github\almasb\fxgl\17.3\fxgl-17.3.jar;C:\Users\DELL\.m2\repository\com\fasterxml\jackson\core\jackson-annotations\2.14.2\jackson-annotations-2.14.2.jar;C:\Users\DELL\.m2\repository\com\fasterxml\jackson\core\jackson-core\2.14.2\jackson-core-2.14.2.jar;C:\Users\DELL\.m2\repository\org\openjfx\javafx-web\17.0.6\javafx-web-17.0.6-win.jar;C:\Users\DELL\.m2\repository\org\openjfx\javafx-swing\17.0.6\javafx-swing-17.0.6-win.jar;C:\Users\DELL\.m2\repository\org\kordamp\bootstrapfx\bootstrapfx-core\0.4.0\bootstrapfx-core-0.4.0.jar;C:\Users\DELL\.m2\repository\com\gluonhq\attach\util\4.0.17\util-4.0.17.jar;C:\Users\DELL\.m2\repository\com\github\almasb\fxgl-entity\17.3\fxgl-entity-17.3.jar;C:\Users\DELL\.m2\repository\org\openjfx\javafx-controls\17.0.6\javafx-controls-17.0.6-win.jar;C:\Users\DELL\.m2\repository\com\github\almasb\fxgl-core\17.3\fxgl-core-17.3.jar;D:\chatbot\chatbot\target\classes;C:\Users\DELL\.m2\repository\com\dlsc\formsfx\formsfx-core\11.6.0\formsfx-core-11.6.0.jar;C:\Users\DELL\.m2\repository\com\github\almasb\fxgl-io\17.3\fxgl-io-17.3.jar;C:\Users\DELL\.m2\repository\org\jetbrains\kotlin\kotlin-stdlib\1.8.10\kotlin-stdlib-1.8.10.jar;C:\Users\DELL\.m2\repository\net\synedra\validatorfx\0.5.0\validatorfx-0.5.0.jar;C:\Users\DELL\.m2\repository\eu\hansolo\fx\heatmap\21.0.3\heatmap-21.0.3.jar;C:\Users\DELL\.m2\repository\org\kordamp\ikonli\ikonli-javafx\12.3.1\ikonli-javafx-12.3.1.jar;C:\Users\DELL\.m2\repository\com\github\almasb\fxgl-scene\17.3\fxgl-scene-17.3.jar;C:\Users\DELL\.m2\repository\org\openjfx\javafx-base\17.0.6\javafx-base-17.0.6-win.jar;C:\Users\DELL\.m2\repo-Djdk.module.main=org.example.chatbot org.example.chatbot/com.chatbot.MainApp

Host: Intel(R) Core(TM) i5-8250U CPU @ 1.60GHz, 8 cores, 3G,  Windows 10 , 64 bit Build 19041 (10.0.19041.1889)
Time: Sat Apr 26 21:25:27 2025 SE Asia Standard Time elapsed time: 16.662354 seconds (0d 0h 0m 16s)

---------------  T H R E A D  ---------------

Current thread (0x00000254c568db10):  JavaThread "C2 CompilerThread0" daemon [_thread_in_native, id=12688, stack(0x000000a939900000,0x000000a939a00000) (1024K)]


Current CompileTask:
C2:16662 3912       4       com.sun.javafx.css.StyleMap::getCascadingStyles (384 bytes)

Stack: [0x000000a939900000,0x000000a939a00000]
Native frames: (J=compiled Java code, j=interpreted, Vv=VM code, C=native code)
V  [jvm.dll+0x6e0b99]  (no source info available)
V  [jvm.dll+0x87e2b3]  (no source info available)
V  [jvm.dll+0x88073e]  (no source info available)
V  [jvm.dll+0x880e13]  (no source info available)
V  [jvm.dll+0x27b006]  (no source info available)
V  [jvm.dll+0xbc06f]  (no source info available)
V  [jvm.dll+0xbc2cb]  (no source info available)
V  [jvm.dll+0x3b3c22]  (no source info available)
V  [jvm.dll+0x38a55b]  (no source info available)
V  [jvm.dll+0x3899ca]  (no source info available)
V  [jvm.dll+0x244ba1]  (no source info available)
V  [jvm.dll+0x243eff]  (no source info available)
V  [jvm.dll+0x1c34b0]  (no source info available)
V  [jvm.dll+0x253df1]  (no source info available)
V  [jvm.dll+0x2520aa]  (no source info available)
V  [jvm.dll+0x3ee226]  (no source info available)
V  [jvm.dll+0x8254cb]  (no source info available)
V  [jvm.dll+0x6df345]  (no source info available)
C  [ucrtbase.dll+0x21bb2]  (no source info available)
C  [KERNEL32.DLL+0x17034]  (no source info available)
C  [ntdll.dll+0x52651]  (no source info available)

Lock stack of current Java thread (top to bottom):


---------------  P R O C E S S  ---------------

Threads class SMR info:
_java_thread_list=0x000002550b95ead0, length=23, elements={
0x00000254a9dd1f30, 0x00000254c567ee90, 0x00000254c56806e0, 0x00000254c5683280,
0x00000254c56839c0, 0x00000254c5686040, 0x00000254c568b350, 0x00000254c568db10,
0x00000254c5695850, 0x00000254c5790960, 0x00000254c57930c0, 0x00000254c5790ff0,
0x00000254c5792a30, 0x00000254c5793750, 0x00000254c57923a0, 0x00000254c57902d0,
0x00000254c5791680, 0x00000254c5791d10, 0x000002550b6f2840, 0x000002550b6ef3c0,
0x000002550b6f00e0, 0x000002550b6ed980, 0x000002550b6f1b20
}

Java Threads: ( => current thread )
  0x00000254a9dd1f30 JavaThread "main"                              [_thread_blocked, id=280, stack(0x000000a938b00000,0x000000a938c00000) (1024K)]
  0x00000254c567ee90 JavaThread "Reference Handler"          daemon [_thread_blocked, id=12820, stack(0x000000a939300000,0x000000a939400000) (1024K)]
  0x00000254c56806e0 JavaThread "Finalizer"                  daemon [_thread_blocked, id=1736, stack(0x000000a939400000,0x000000a939500000) (1024K)]
  0x00000254c5683280 JavaThread "Signal Dispatcher"          daemon [_thread_blocked, id=4200, stack(0x000000a939500000,0x000000a939600000) (1024K)]
  0x00000254c56839c0 JavaThread "Attach Listener"            daemon [_thread_blocked, id=10332, stack(0x000000a939600000,0x000000a939700000) (1024K)]
  0x00000254c5686040 JavaThread "Service Thread"             daemon [_thread_blocked, id=5856, stack(0x000000a939700000,0x000000a939800000) (1024K)]
  0x00000254c568b350 JavaThread "Monitor Deflation Thread"   daemon [_thread_blocked, id=4436, stack(0x000000a939800000,0x000000a939900000) (1024K)]
=>0x00000254c568db10 JavaThread "C2 CompilerThread0"         daemon [_thread_in_native, id=12688, stack(0x000000a939900000,0x000000a939a00000) (1024K)]
  0x00000254c5695850 JavaThread "C1 CompilerThread0"         daemon [_thread_blocked, id=10412, stack(0x000000a939a00000,0x000000a939b00000) (1024K)]
  0x00000254c5790960 JavaThread "Common-Cleaner"             daemon [_thread_blocked, id=12604, stack(0x000000a939b00000,0x000000a939c00000) (1024K)]
  0x00000254c57930c0 JavaThread "Monitor Ctrl-Break"         daemon [_thread_in_native, id=7536, stack(0x000000a939c00000,0x000000a939d00000) (1024K)]
  0x00000254c5790ff0 JavaThread "Notification Thread"        daemon [_thread_blocked, id=10952, stack(0x000000a939d00000,0x000000a939e00000) (1024K)]
  0x00000254c5792a30 JavaThread "QuantumRenderer-0"          daemon [_thread_blocked, id=6748, stack(0x000000a93a500000,0x000000a93a600000) (1024K)]
  0x00000254c5793750 JavaThread "RMI TCP Accept-0"           daemon [_thread_in_native, id=1472, stack(0x000000a93a600000,0x000000a93a700000) (1024K)]
  0x00000254c57923a0 JavaThread "RMI TCP Connection(1)-172.27.112.1" daemon [_thread_in_native, id=7380, stack(0x000000a93a700000,0x000000a93a800000) (1024K)]
  0x00000254c57902d0 JavaThread "RMI Scheduler(0)"           daemon [_thread_blocked, id=9040, stack(0x000000a93a800000,0x000000a93a900000) (1024K)]
  0x00000254c5791680 JavaThread "JMX server connection timeout 35" daemon [_thread_blocked, id=2884, stack(0x000000a93a900000,0x000000a93aa00000) (1024K)]
  0x00000254c5791d10 JavaThread "InvokeLaterDispatcher"      daemon [_thread_blocked, id=2728, stack(0x000000a93aa00000,0x000000a93ab00000) (1024K)]
  0x000002550b6f2840 JavaThread "JavaFX Application Thread"         [_thread_in_native, id=836, stack(0x000000a93ab00000,0x000000a93ac00000) (1024K)]
  0x000002550b6ef3c0 JavaThread "Thread-1"                   daemon [_thread_in_native, id=11256, stack(0x000000a93af00000,0x000000a93b000000) (1024K)]
  0x000002550b6f00e0 JavaThread "JavaFX-Launcher"                   [_thread_blocked, id=2796, stack(0x000000a93b000000,0x000000a93b100000) (1024K)]
  0x000002550b6ed980 JavaThread "Prism Font Disposer"        daemon [_thread_blocked, id=4992, stack(0x000000a93b400000,0x000000a93b500000) (1024K)]
  0x000002550b6f1b20 JavaThread "Cleaner-0"                  daemon [_thread_blocked, id=11140, stack(0x000000a93b600000,0x000000a93b700000) (1024K)]
Total: 23

Other Threads:
  0x00000254c5667a90 VMThread "VM Thread"                           [id=9880, stack(0x000000a939200000,0x000000a939300000) (1024K)]
  0x00000254c565ba10 WatcherThread "VM Periodic Task Thread"        [id=11824, stack(0x000000a939100000,0x000000a939200000) (1024K)]
  0x00000254a9e0bc30 WorkerThread "GC Thread#0"                     [id=12588, stack(0x000000a938c00000,0x000000a938d00000) (1024K)]
  0x000002550b5e6670 WorkerThread "GC Thread#1"                     [id=3092, stack(0x000000a939e00000,0x000000a939f00000) (1024K)]
  0x000002550b5fccc0 WorkerThread "GC Thread#2"                     [id=9696, stack(0x000000a939f00000,0x000000a93a000000) (1024K)]
  0x000002550b5fdcd0 WorkerThread "GC Thread#3"                     [id=12600, stack(0x000000a93a000000,0x000000a93a100000) (1024K)]
  0x000002550b5ff2f0 WorkerThread "GC Thread#4"                     [id=6252, stack(0x000000a93a100000,0x000000a93a200000) (1024K)]
  0x000002550b5fef40 WorkerThread "GC Thread#5"                     [id=6708, stack(0x000000a93a200000,0x000000a93a300000) (1024K)]
  0x000002550b5fe080 WorkerThread "GC Thread#6"                     [id=4580, stack(0x000000a93a300000,0x000000a93a400000) (1024K)]
  0x000002550b5fe430 WorkerThread "GC Thread#7"                     [id=2596, stack(0x000000a93a400000,0x000000a93a500000) (1024K)]
  0x00000254a9e17210 ConcurrentGCThread "G1 Main Marker"            [id=9788, stack(0x000000a938d00000,0x000000a938e00000) (1024K)]
  0x00000254a9e184c0 WorkerThread "G1 Conc#0"                       [id=8176, stack(0x000000a938e00000,0x000000a938f00000) (1024K)]
  0x000002550bd81090 WorkerThread "G1 Conc#1"                       [id=12760, stack(0x000000a93b500000,0x000000a93b600000) (1024K)]
  0x00000254a9e83a80 ConcurrentGCThread "G1 Refine#0"               [id=5484, stack(0x000000a938f00000,0x000000a939000000) (1024K)]
  0x00000254a9e864c0 ConcurrentGCThread "G1 Service"                [id=12948, stack(0x000000a939000000,0x000000a939100000) (1024K)]
Total: 15

Threads with active compile tasks:
C2 CompilerThread0  16820 3912       4       com.sun.javafx.css.StyleMap::getCascadingStyles (384 bytes)
Total: 1

VM state: not at safepoint (normal execution)

VM Mutex/Monitor currently owned by a thread: None

Heap address: 0x00000000c2000000, size: 992 MB, Compressed Oops mode: 32-bit

CDS archive(s) mapped at: [0x00000254c6000000-0x00000254c6d70000-0x00000254c6d70000), size 14090240, SharedBaseAddress: 0x00000254c6000000, ArchiveRelocationMode: 1.
Compressed class space mapped at: 0x00000254c7000000-0x0000025507000000, reserved size: 1073741824
Narrow klass base: 0x00000254c6000000, Narrow klass shift: 0, Narrow klass range: 0x41000000

GC Precious Log:
 CardTable entry size: 512
 Card Set container configuration: InlinePtr #cards 5 size 8 Array Of Cards #cards 10 size 36 Howl #buckets 4 coarsen threshold 1843 Howl Bitmap #cards 512 size 80 coarsen threshold 460 Card regions per heap region 1 cards per card region 2048
 CPUs: 8 total, 8 available
 Memory: 3961M
 Large Page Support: Disabled
 NUMA Support: Disabled
 Compressed Oops: Enabled (32-bit)
 Heap Region Size: 1M
 Heap Min Capacity: 8M
 Heap Initial Capacity: 62M
 Heap Max Capacity: 992M
 Pre-touch: Disabled
 Parallel Workers: 8
 Concurrent Workers: 2
 Concurrent Refinement Workers: 8
 Periodic GC: Disabled

Heap:
 garbage-first heap   total reserved 1015808K, committed 37888K, used 29596K [0x00000000c2000000, 0x0000000100000000)
  region size 1024K, 23 young (23552K), 4 survivors (4096K)
 Metaspace       used 25145K, committed 25600K, reserved 1114112K
  class space    used 3429K, committed 3648K, reserved 1048576K

Heap Regions: E=young(eden), S=young(survivor), O=old, HS=humongous(starts), HC=humongous(continues), CS=collection set, F=free, TAMS=top-at-mark-start, PB=parsable bottom
|   0|0x00000000c2000000, 0x00000000c2100000, 0x00000000c2100000|100%| O|  |TAMS 0x00000000c2000000| PB 0x00000000c2000000| Untracked |  0
|   1|0x00000000c2100000, 0x00000000c2200000, 0x00000000c2200000|100%| O|  |TAMS 0x00000000c2100000| PB 0x00000000c2100000| Untracked |  0
|   2|0x00000000c2200000, 0x00000000c2300000, 0x00000000c2300000|100%| O|  |TAMS 0x00000000c2200000| PB 0x00000000c2200000| Untracked |  0
|   3|0x00000000c2300000, 0x00000000c2400000, 0x00000000c2400000|100%| O|  |TAMS 0x00000000c2300000| PB 0x00000000c2300000| Untracked |  0
|   4|0x00000000c2400000, 0x00000000c2500000, 0x00000000c2500000|100%| O|Cm|TAMS 0x00000000c2400000| PB 0x00000000c2400000| Complete |  0
|   5|0x00000000c2500000, 0x00000000c2600000, 0x00000000c2600000|100%| O|  |TAMS 0x00000000c2500000| PB 0x00000000c2500000| Untracked |  0
|   6|0x00000000c2600000, 0x00000000c2686668, 0x00000000c2700000| 52%| O|  |TAMS 0x00000000c2600000| PB 0x00000000c2600000| Untracked |  0
|   7|0x00000000c2700000, 0x00000000c2800000, 0x00000000c2800000|100%|HS|  |TAMS 0x00000000c2700000| PB 0x00000000c2700000| Complete |  0
|   8|0x00000000c2800000, 0x00000000c2900000, 0x00000000c2900000|100%|HC|  |TAMS 0x00000000c2800000| PB 0x00000000c2800000| Complete |  0
|   9|0x00000000c2900000, 0x00000000c2900000, 0x00000000c2a00000|  0%| F|  |TAMS 0x00000000c2900000| PB 0x00000000c2900000| Untracked |  0
|  10|0x00000000c2a00000, 0x00000000c2a00000, 0x00000000c2b00000|  0%| F|  |TAMS 0x00000000c2a00000| PB 0x00000000c2a00000| Untracked |  0
|  11|0x00000000c2b00000, 0x00000000c2b00000, 0x00000000c2c00000|  0%| F|  |TAMS 0x00000000c2b00000| PB 0x00000000c2b00000| Untracked |  0
|  12|0x00000000c2c00000, 0x00000000c2c00000, 0x00000000c2d00000|  0%| F|  |TAMS 0x00000000c2c00000| PB 0x00000000c2c00000| Untracked |  0
|  13|0x00000000c2d00000, 0x00000000c2d00000, 0x00000000c2e00000|  0%| F|  |TAMS 0x00000000c2d00000| PB 0x00000000c2d00000| Untracked |  0
|  14|0x00000000c2e00000, 0x00000000c2ea16e8, 0x00000000c2f00000| 63%| E|  |TAMS 0x00000000c2e00000| PB 0x00000000c2e00000| Complete |  0
|  15|0x00000000c2f00000, 0x00000000c3000000, 0x00000000c3000000|100%| E|CS|TAMS 0x00000000c2f00000| PB 0x00000000c2f00000| Complete |  0
|  16|0x00000000c3000000, 0x00000000c3100000, 0x00000000c3100000|100%| E|CS|TAMS 0x00000000c3000000| PB 0x00000000c3000000| Complete |  0
|  17|0x00000000c3100000, 0x00000000c3200000, 0x00000000c3200000|100%| E|CS|TAMS 0x00000000c3100000| PB 0x00000000c3100000| Complete |  0
|  18|0x00000000c3200000, 0x00000000c3300000, 0x00000000c3300000|100%| E|CS|TAMS 0x00000000c3200000| PB 0x00000000c3200000| Complete |  0
|  19|0x00000000c3300000, 0x00000000c3400000, 0x00000000c3400000|100%| E|  |TAMS 0x00000000c3300000| PB 0x00000000c3300000| Complete |  0
|  20|0x00000000c3400000, 0x00000000c3500000, 0x00000000c3500000|100%| E|CS|TAMS 0x00000000c3400000| PB 0x00000000c3400000| Complete |  0
|  21|0x00000000c3500000, 0x00000000c3600000, 0x00000000c3600000|100%| E|CS|TAMS 0x00000000c3500000| PB 0x00000000c3500000| Complete |  0
|  22|0x00000000c3600000, 0x00000000c3700000, 0x00000000c3700000|100%| E|CS|TAMS 0x00000000c3600000| PB 0x00000000c3600000| Complete |  0
|  23|0x00000000c3700000, 0x00000000c3800000, 0x00000000c3800000|100%| E|CS|TAMS 0x00000000c3700000| PB 0x00000000c3700000| Complete |  0
|  24|0x00000000c3800000, 0x00000000c3900000, 0x00000000c3900000|100%| E|CS|TAMS 0x00000000c3800000| PB 0x00000000c3800000| Complete |  0
|  25|0x00000000c3900000, 0x00000000c3a00000, 0x00000000c3a00000|100%| E|CS|TAMS 0x00000000c3900000| PB 0x00000000c3900000| Complete |  0
|  26|0x00000000c3a00000, 0x00000000c3b00000, 0x00000000c3b00000|100%| E|CS|TAMS 0x00000000c3a00000| PB 0x00000000c3a00000| Complete |  0
|  27|0x00000000c3b00000, 0x00000000c3c00000, 0x00000000c3c00000|100%| E|CS|TAMS 0x00000000c3b00000| PB 0x00000000c3b00000| Complete |  0
|  28|0x00000000c3c00000, 0x00000000c3d00000, 0x00000000c3d00000|100%| E|CS|TAMS 0x00000000c3c00000| PB 0x00000000c3c00000| Complete |  0
|  29|0x00000000c3d00000, 0x00000000c3e00000, 0x00000000c3e00000|100%| E|CS|TAMS 0x00000000c3d00000| PB 0x00000000c3d00000| Complete |  0
|  30|0x00000000c3e00000, 0x00000000c3f00000, 0x00000000c3f00000|100%| E|CS|TAMS 0x00000000c3e00000| PB 0x00000000c3e00000| Complete |  0
|  31|0x00000000c3f00000, 0x00000000c4000000, 0x00000000c4000000|100%| E|CS|TAMS 0x00000000c3f00000| PB 0x00000000c3f00000| Complete |  0
|  41|0x00000000c4900000, 0x00000000c4960cc0, 0x00000000c4a00000| 37%| S|CS|TAMS 0x00000000c4900000| PB 0x00000000c4900000| Complete |  0
|  42|0x00000000c4a00000, 0x00000000c4b00000, 0x00000000c4b00000|100%| S|CS|TAMS 0x00000000c4a00000| PB 0x00000000c4a00000| Complete |  0
|  43|0x00000000c4b00000, 0x00000000c4c00000, 0x00000000c4c00000|100%| S|CS|TAMS 0x00000000c4b00000| PB 0x00000000c4b00000| Complete |  0
|  44|0x00000000c4c00000, 0x00000000c4d00000, 0x00000000c4d00000|100%| S|CS|TAMS 0x00000000c4c00000| PB 0x00000000c4c00000| Complete |  0
|  61|0x00000000c5d00000, 0x00000000c5e00000, 0x00000000c5e00000|100%| E|CS|TAMS 0x00000000c5d00000| PB 0x00000000c5d00000| Complete |  0

Card table byte_map: [0x00000254c1b50000,0x00000254c1d40000] _byte_map_base: 0x00000254c1540000

Marking Bits: (CMBitMap*) 0x00000254a9e0c340
 Bits: [0x00000254c1d40000, 0x00000254c2cc0000)

Polling page: 0x00000254a7de0000

Metaspace:

Usage:
  Non-class:     21.21 MB used.
      Class:      3.35 MB used.
       Both:     24.56 MB used.

Virtual space:
  Non-class space:       64.00 MB reserved,      21.44 MB ( 33%) committed,  1 nodes.
      Class space:        1.00 GB reserved,       3.56 MB ( <1%) committed,  1 nodes.
             Both:        1.06 GB reserved,      25.00 MB (  2%) committed. 

Chunk freelists:
   Non-Class:  9.81 MB
       Class:  12.50 MB
        Both:  22.31 MB

MaxMetaspaceSize: unlimited
CompressedClassSpaceSize: 1.00 GB
Initial GC threshold: 21.00 MB
Current GC threshold: 35.25 MB
CDS: on
 - commit_granule_bytes: 65536.
 - commit_granule_words: 8192.
 - virtual_space_node_default_size: 8388608.
 - enlarge_chunks_in_place: 1.
 - use_allocation_guard: 0.


Internal statistics:

num_allocs_failed_limit: 5.
num_arena_births: 494.
num_arena_deaths: 0.
num_vsnodes_births: 2.
num_vsnodes_deaths: 0.
num_space_committed: 400.
num_space_uncommitted: 0.
num_chunks_returned_to_freelist: 5.
num_chunks_taken_from_freelist: 1215.
num_chunk_merges: 0.
num_chunk_splits: 814.
num_chunks_enlarged: 562.
num_inconsistent_stats: 0.

CodeHeap 'non-profiled nmethods': size=120064Kb used=1194Kb max_used=1194Kb free=118869Kb
 bounds [0x00000254b9fe0000, 0x00000254ba250000, 0x00000254c1520000]
CodeHeap 'profiled nmethods': size=120000Kb used=5495Kb max_used=5495Kb free=114504Kb
 bounds [0x00000254b2520000, 0x00000254b2a80000, 0x00000254b9a50000]
CodeHeap 'non-nmethods': size=5696Kb used=1882Kb max_used=1914Kb free=3813Kb
 bounds [0x00000254b9a50000, 0x00000254b9cc0000, 0x00000254b9fe0000]
CodeCache: size=245760Kb, used=8571Kb, max_used=8603Kb, free=237186Kb
 total_blobs=4818, nmethods=3912, adapters=811, full_count=0
Compilation: enabled, stopped_count=0, restarted_count=0

Compilation events (20 events):
Event: 16.532 Thread 0x00000254c5695850 nmethod 3906 0x00000254b2a78c88 code [0x00000254b2a78e20, 0x00000254b2a794b0]
Event: 16.532 Thread 0x00000254c5695850 3904       3       com.sun.javafx.util.Utils::deriveColor (327 bytes)
Event: 16.533 Thread 0x00000254c5695850 nmethod 3904 0x00000254b2a79508 code [0x00000254b2a79800, 0x00000254b2a7a400]
Event: 16.533 Thread 0x00000254c5695850 3905       3       com.sun.javafx.util.Utils::RGBtoHSB (227 bytes)
Event: 16.533 Thread 0x00000254c5695850 nmethod 3905 0x00000254b2a7a488 code [0x00000254b2a7a620, 0x00000254b2a7ab88]
Event: 16.534 Thread 0x00000254c5695850 3907  s    3       com.sun.javafx.font.PrismFontFactory::getFontFactory (123 bytes)
Event: 16.534 Thread 0x00000254c5695850 nmethod 3907 0x00000254b2a7ac08 code [0x00000254b2a7ada0, 0x00000254b2a7b418]
Event: 16.534 Thread 0x00000254c5695850 3908       3       com.sun.javafx.geom.Path2D::closePath (72 bytes)
Event: 16.534 Thread 0x00000254c5695850 nmethod 3908 0x00000254b2a7b488 code [0x00000254b2a7b5c0, 0x00000254b2a7b818]
Event: 16.534 Thread 0x00000254c5695850 3909       3       com.sun.javafx.sg.prism.NGRegion::createPath (91 bytes)
Event: 16.535 Thread 0x00000254c5695850 nmethod 3909 0x00000254b2a7b888 code [0x00000254b2a7ba60, 0x00000254b2a7c1e0]
Event: 16.535 Thread 0x00000254c5695850 3910       3       com.sun.marlin.TransformingPathConsumer2D$PathClipFilter::closePath (49 bytes)
Event: 16.535 Thread 0x00000254c5695850 nmethod 3910 0x00000254b2a7c288 code [0x00000254b2a7c3e0, 0x00000254b2a7c7b0]
Event: 16.628 Thread 0x00000254c5695850 3911       3       com.sun.javafx.css.StyleCacheEntry$Key::<init> (83 bytes)
Event: 16.628 Thread 0x00000254c568db10 3912       4       com.sun.javafx.css.StyleMap::getCascadingStyles (384 bytes)
Event: 16.628 Thread 0x00000254c5695850 nmethod 3911 0x00000254b2a7c808 code [0x00000254b2a7c9a0, 0x00000254b2a7d1f0]
Event: 16.628 Thread 0x00000254c5695850 3913       3       javafx.beans.property.SimpleObjectProperty::<init> (25 bytes)
Event: 16.628 Thread 0x00000254c5695850 nmethod 3913 0x00000254b2a7d288 code [0x00000254b2a7d3e0, 0x00000254b2a7d8a8]
Event: 16.629 Thread 0x00000254c5695850 3914       3       com.sun.prism.d3d.D3DContext::updateCompositeMode (95 bytes)
Event: 16.630 Thread 0x00000254c5695850 nmethod 3914 0x00000254b2a7d908 code [0x00000254b2a7da80, 0x00000254b2a7dea0]

GC Heap History (8 events):
Event: 1.015 GC heap before
{Heap before GC invocations=0 (full 0):
 garbage-first heap   total reserved 1015808K, committed 63488K, used 23552K [0x00000000c2000000, 0x0000000100000000)
  region size 1024K, 24 young (24576K), 0 survivors (0K)
 Metaspace       used 5294K, committed 5568K, reserved 1114112K
  class space    used 620K, committed 768K, reserved 1048576K
}
Event: 1.026 GC heap after
{Heap after GC invocations=1 (full 0):
 garbage-first heap   total reserved 1015808K, committed 63488K, used 4800K [0x00000000c2000000, 0x0000000100000000)
  region size 1024K, 3 young (3072K), 3 survivors (3072K)
 Metaspace       used 5294K, committed 5568K, reserved 1114112K
  class space    used 620K, committed 768K, reserved 1048576K
}
Event: 2.609 GC heap before
{Heap before GC invocations=1 (full 0):
 garbage-first heap   total reserved 1015808K, committed 63488K, used 26304K [0x00000000c2000000, 0x0000000100000000)
  region size 1024K, 25 young (25600K), 3 survivors (3072K)
 Metaspace       used 12486K, committed 12736K, reserved 1114112K
  class space    used 1560K, committed 1664K, reserved 1048576K
}
Event: 2.616 GC heap after
{Heap after GC invocations=2 (full 0):
 garbage-first heap   total reserved 1015808K, committed 63488K, used 7008K [0x00000000c2000000, 0x0000000100000000)
  region size 1024K, 3 young (3072K), 3 survivors (3072K)
 Metaspace       used 12486K, committed 12736K, reserved 1114112K
  class space    used 1560K, committed 1664K, reserved 1048576K
}
Event: 3.398 GC heap before
{Heap before GC invocations=2 (full 0):
 garbage-first heap   total reserved 1015808K, committed 63488K, used 34656K [0x00000000c2000000, 0x0000000100000000)
  region size 1024K, 31 young (31744K), 3 survivors (3072K)
 Metaspace       used 18044K, committed 18432K, reserved 1114112K
  class space    used 2280K, committed 2432K, reserved 1048576K
}
Event: 3.404 GC heap after
{Heap after GC invocations=3 (full 0):
 garbage-first heap   total reserved 1015808K, committed 63488K, used 9165K [0x00000000c2000000, 0x0000000100000000)
  region size 1024K, 4 young (4096K), 4 survivors (4096K)
 Metaspace       used 18044K, committed 18432K, reserved 1114112K
  class space    used 2280K, committed 2432K, reserved 1048576K
}
Event: 3.946 GC heap before
{Heap before GC invocations=3 (full 0):
 garbage-first heap   total reserved 1015808K, committed 63488K, used 24525K [0x00000000c2000000, 0x0000000100000000)
  region size 1024K, 21 young (21504K), 4 survivors (4096K)
 Metaspace       used 21175K, committed 21504K, reserved 1114112K
  class space    used 2846K, committed 3008K, reserved 1048576K
}
Event: 3.953 GC heap after
{Heap after GC invocations=4 (full 0):
 garbage-first heap   total reserved 1015808K, committed 63488K, used 10140K [0x00000000c2000000, 0x0000000100000000)
  region size 1024K, 4 young (4096K), 4 survivors (4096K)
 Metaspace       used 21175K, committed 21504K, reserved 1114112K
  class space    used 2846K, committed 3008K, reserved 1048576K
}

Dll operation events (20 events):
Event: 0.924 Loaded shared library C:\Users\DELL\.openjfx\cache\17.0.6\api-ms-win-crt-heap-l1-1-0.dll
Event: 0.930 Loaded shared library C:\Users\DELL\.openjfx\cache\17.0.6\api-ms-win-crt-locale-l1-1-0.dll
Event: 0.937 Loaded shared library C:\Users\DELL\.openjfx\cache\17.0.6\api-ms-win-crt-math-l1-1-0.dll
Event: 0.942 Loaded shared library C:\Users\DELL\.openjfx\cache\17.0.6\api-ms-win-crt-multibyte-l1-1-0.dll
Event: 0.952 Loaded shared library C:\Users\DELL\.openjfx\cache\17.0.6\api-ms-win-crt-private-l1-1-0.dll
Event: 0.957 Loaded shared library C:\Users\DELL\.openjfx\cache\17.0.6\api-ms-win-crt-process-l1-1-0.dll
Event: 0.963 Loaded shared library C:\Users\DELL\.openjfx\cache\17.0.6\api-ms-win-crt-runtime-l1-1-0.dll
Event: 0.969 Loaded shared library C:\Users\DELL\.openjfx\cache\17.0.6\api-ms-win-crt-stdio-l1-1-0.dll
Event: 0.975 Loaded shared library C:\Users\DELL\.openjfx\cache\17.0.6\api-ms-win-crt-string-l1-1-0.dll
Event: 0.982 Loaded shared library C:\Users\DELL\.openjfx\cache\17.0.6\api-ms-win-crt-time-l1-1-0.dll
Event: 0.989 Loaded shared library C:\Users\DELL\.openjfx\cache\17.0.6\api-ms-win-crt-utility-l1-1-0.dll
Event: 1.090 Loaded shared library C:\Users\DELL\.openjfx\cache\17.0.6\ucrtbase.dll
Event: 1.102 Loaded shared library C:\Users\DELL\.openjfx\cache\17.0.6\vcruntime140.dll
Event: 1.109 Loaded shared library C:\Users\DELL\.openjfx\cache\17.0.6\vcruntime140_1.dll
Event: 1.148 Loaded shared library C:\Users\DELL\.openjfx\cache\17.0.6\msvcp140.dll
Event: 1.155 Loaded shared library C:\Users\DELL\.openjfx\cache\17.0.6\msvcp140_1.dll
Event: 1.175 Loaded shared library C:\Users\DELL\.openjfx\cache\17.0.6\msvcp140_2.dll
Event: 1.272 Loaded shared library C:\Users\DELL\.openjfx\cache\17.0.6\prism_d3d.dll
Event: 1.427 Loaded shared library C:\Users\DELL\.openjfx\cache\17.0.6\glass.dll
Event: 2.774 Loaded shared library C:\Users\DELL\.openjfx\cache\17.0.6\javafx_font.dll

Deoptimization events (20 events):
Event: 11.048 Thread 0x00000254c5792a30 DEOPT PACKING pc=0x00000254b292300e sp=0x000000a93a5fe290
Event: 11.048 Thread 0x00000254c5792a30 DEOPT UNPACKING pc=0x00000254b9aa4b22 sp=0x000000a93a5fd6f8 mode 0
Event: 11.048 Thread 0x00000254c5792a30 DEOPT PACKING pc=0x00000254b292300e sp=0x000000a93a5fe290
Event: 11.048 Thread 0x00000254c5792a30 DEOPT UNPACKING pc=0x00000254b9aa4b22 sp=0x000000a93a5fd6f8 mode 0
Event: 11.048 Thread 0x00000254c5792a30 DEOPT PACKING pc=0x00000254b292300e sp=0x000000a93a5fe290
Event: 11.048 Thread 0x00000254c5792a30 DEOPT UNPACKING pc=0x00000254b9aa4b22 sp=0x000000a93a5fd6f8 mode 0
Event: 11.048 Thread 0x00000254c5792a30 DEOPT PACKING pc=0x00000254b292300e sp=0x000000a93a5fe290
Event: 11.048 Thread 0x00000254c5792a30 DEOPT UNPACKING pc=0x00000254b9aa4b22 sp=0x000000a93a5fd6f8 mode 0
Event: 11.048 Thread 0x00000254c5792a30 DEOPT PACKING pc=0x00000254b292300e sp=0x000000a93a5fe290
Event: 11.048 Thread 0x00000254c5792a30 DEOPT UNPACKING pc=0x00000254b9aa4b22 sp=0x000000a93a5fd6f8 mode 0
Event: 11.048 Thread 0x00000254c5792a30 DEOPT PACKING pc=0x00000254b292300e sp=0x000000a93a5fe290
Event: 11.048 Thread 0x00000254c5792a30 DEOPT UNPACKING pc=0x00000254b9aa4b22 sp=0x000000a93a5fd6f8 mode 0
Event: 11.048 Thread 0x00000254c5792a30 DEOPT PACKING pc=0x00000254b292300e sp=0x000000a93a5fe290
Event: 11.048 Thread 0x00000254c5792a30 DEOPT UNPACKING pc=0x00000254b9aa4b22 sp=0x000000a93a5fd6f8 mode 0
Event: 11.048 Thread 0x00000254c5792a30 DEOPT PACKING pc=0x00000254b292300e sp=0x000000a93a5fe290
Event: 11.048 Thread 0x00000254c5792a30 DEOPT UNPACKING pc=0x00000254b9aa4b22 sp=0x000000a93a5fd6f8 mode 0
Event: 11.048 Thread 0x00000254c5792a30 DEOPT PACKING pc=0x00000254b292300e sp=0x000000a93a5fe290
Event: 11.048 Thread 0x00000254c5792a30 DEOPT UNPACKING pc=0x00000254b9aa4b22 sp=0x000000a93a5fd6f8 mode 0
Event: 11.940 Thread 0x00000254c5792a30 DEOPT PACKING pc=0x00000254b292300e sp=0x000000a93a5fdf00
Event: 11.940 Thread 0x00000254c5792a30 DEOPT UNPACKING pc=0x00000254b9aa4b22 sp=0x000000a93a5fd368 mode 0

Classes loaded (20 events):
Event: 4.643 Loading class java/lang/FdLibm$Atan2
Event: 4.646 Loading class java/lang/FdLibm$Atan2 done
Event: 4.648 Loading class java/lang/FdLibm$Acos
Event: 4.648 Loading class java/lang/FdLibm$Acos done
Event: 5.704 Loading class java/text/BreakIterator
Event: 5.704 Loading class java/text/BreakIterator done
Event: 5.705 Loading class sun/util/locale/provider/BreakIteratorProviderImpl
Event: 5.707 Loading class sun/util/locale/provider/BreakIteratorProviderImpl done
Event: 5.707 Loading class sun/util/locale/provider/BreakIteratorProviderImpl$GraphemeBreakIterator
Event: 5.708 Loading class sun/util/locale/provider/BreakIteratorProviderImpl$GraphemeBreakIterator done
Event: 5.708 Loading class java/text/StringCharacterIterator
Event: 5.709 Loading class java/text/StringCharacterIterator done
Event: 5.709 Loading class sun/util/locale/provider/BreakIteratorProviderImpl$CharacterIteratorCharSequence
Event: 5.709 Loading class sun/util/locale/provider/BreakIteratorProviderImpl$CharacterIteratorCharSequence done
Event: 5.709 Loading class java/text/BreakIterator$BreakIteratorCache
Event: 5.709 Loading class java/text/BreakIterator$BreakIteratorCache done
Event: 7.025 Loading class java/util/stream/ReduceOps$2
Event: 7.025 Loading class java/util/stream/ReduceOps$2 done
Event: 7.025 Loading class java/util/stream/ReduceOps$2ReducingSink
Event: 7.025 Loading class java/util/stream/ReduceOps$2ReducingSink done

Classes unloaded (0 events):
No events

Classes redefined (0 events):
No events

Internal exceptions (20 events):
Event: 2.898 Thread 0x00000254c57923a0 Exception <a 'java/lang/NoSuchMethodError'{0x00000000c5659f70}: 'long java.lang.invoke.DirectMethodHandle$Holder.invokeVirtual(java.lang.Object, java.lang.Object)'> (0x00000000c5659f70) 
thrown [s\open\src\hotspot\share\interpreter\linkResolver.cpp, line 796]
Event: 2.898 Thread 0x00000254c57923a0 Exception <a 'java/lang/NoSuchMethodError'{0x00000000c56c1cc0}: 'long java.lang.invoke.DelegatingMethodHandle$Holder.reinvoke_L(java.lang.Object, java.lang.Object)'> (0x00000000c56c1cc0) 
thrown [s\open\src\hotspot\share\interpreter\linkResolver.cpp, line 796]
Event: 2.995 Thread 0x000002550b6f2840 Exception <a 'java/lang/NoSuchMethodError'{0x00000000c52b8cd8}: 'void java.lang.invoke.Invokers$Holder.invokeExact_MT(java.lang.Object, java.lang.Object, java.lang.Object, java.lang.Object)'> (0x00000000c52b8cd8) 
thrown [s\open\src\hotspot\share\interpreter\linkResolver.cpp, line 796]
Event: 2.996 Thread 0x000002550b6f2840 Exception <a 'java/lang/NoSuchMethodError'{0x00000000c52bc958}: 'void java.lang.invoke.DirectMethodHandle$Holder.invokeSpecial(java.lang.Object, java.lang.Object, int)'> (0x00000000c52bc958) 
thrown [s\open\src\hotspot\share\interpreter\linkResolver.cpp, line 796]
Event: 2.998 Thread 0x000002550b6f2840 Exception <a 'java/lang/NoSuchMethodError'{0x00000000c52c3ba8}: 'void java.lang.invoke.DelegatingMethodHandle$Holder.reinvoke_L(java.lang.Object, java.lang.Object, int)'> (0x00000000c52c3ba8) 
thrown [s\open\src\hotspot\share\interpreter\linkResolver.cpp, line 796]
Event: 3.000 Thread 0x000002550b6f2840 Exception <a 'java/lang/NoSuchMethodError'{0x00000000c52d2450}: 'void java.lang.invoke.DirectMethodHandle$Holder.invokeSpecial(java.lang.Object, java.lang.Object, double)'> (0x00000000c52d2450) 
thrown [s\open\src\hotspot\share\interpreter\linkResolver.cpp, line 796]
Event: 3.001 Thread 0x000002550b6f2840 Exception <a 'java/lang/NoSuchMethodError'{0x00000000c52d94a8}: 'void java.lang.invoke.DelegatingMethodHandle$Holder.reinvoke_L(java.lang.Object, java.lang.Object, double)'> (0x00000000c52d94a8) 
thrown [s\open\src\hotspot\share\interpreter\linkResolver.cpp, line 796]
Event: 3.833 Thread 0x000002550b6f2840 Exception <a 'java/lang/ClassNotFoundException'{0x00000000c516a020}: com/sun/javafx/scene/control/skin/resources/controls> (0x00000000c516a020) 
thrown [s\open\src\hotspot\share\prims\jni.cpp, line 539]
Event: 3.834 Thread 0x000002550b6f2840 Exception <a 'java/lang/ClassNotFoundException'{0x00000000c5177d90}: com/sun/javafx/scene/control/skin/resources/controls_en> (0x00000000c5177d90) 
thrown [s\open\src\hotspot\share\prims\jni.cpp, line 539]
Event: 3.834 Thread 0x000002550b6f2840 Exception <a 'java/lang/ClassNotFoundException'{0x00000000c5178d38}: com/sun/javafx/scene/control/skin/resources/controls_en_US> (0x00000000c5178d38) 
thrown [s\open\src\hotspot\share\prims\jni.cpp, line 539]
Event: 3.893 Thread 0x000002550b6f2840 Exception <a 'java/lang/NoSuchMethodError'{0x00000000c4fb7e18}: 'void java.lang.invoke.DirectMethodHandle$Holder.invokeSpecial(java.lang.Object, java.lang.Object, java.lang.Object, java.lang.Object, java.lang.Object, java.lang.Object)'> (0x00000000c4fb7e18) 
thrown [s\open\src\hotspot\share\interpreter\linkResolver.cpp, line 796]
Event: 4.019 Thread 0x000002550b6f2840 Exception <a 'java/lang/IncompatibleClassChangeError'{0x00000000c3ec7fe8}: Found class java.lang.Object, but interface was expected> (0x00000000c3ec7fe8) 
thrown [s\open\src\hotspot\share\interpreter\linkResolver.cpp, line 863]
Event: 4.183 Thread 0x000002550b6f2840 Exception <a 'java/lang/NoSuchMethodError'{0x00000000c3862c28}: 'int java.lang.invoke.DirectMethodHandle$Holder.invokeSpecial(java.lang.Object, java.lang.Object, int)'> (0x00000000c3862c28) 
thrown [s\open\src\hotspot\share\interpreter\linkResolver.cpp, line 796]
Event: 4.191 Thread 0x000002550b6f2840 Exception <a 'java/lang/NoSuchMethodError'{0x00000000c3885c30}: 'void java.lang.invoke.DirectMethodHandle$Holder.invokeSpecial(java.lang.Object, java.lang.Object, int, int)'> (0x00000000c3885c30) 
thrown [s\open\src\hotspot\share\interpreter\linkResolver.cpp, line 796]
Event: 4.192 Thread 0x000002550b6f2840 Exception <a 'java/lang/NoSuchMethodError'{0x00000000c388bd60}: 'java.lang.Object java.lang.invoke.DirectMethodHandle$Holder.newInvokeSpecial(java.lang.Object, java.lang.Object, int, int)'> (0x00000000c388bd60) 
thrown [s\open\src\hotspot\share\interpreter\linkResolver.cpp, line 796]
Event: 4.193 Thread 0x000002550b6f2840 Exception <a 'java/lang/NoSuchMethodError'{0x00000000c388fd08}: 'java.lang.Object java.lang.invoke.DirectMethodHandle$Holder.invokeSpecial(java.lang.Object, java.lang.Object, java.lang.Object, int, int)'> (0x00000000c388fd08) 
thrown [s\open\src\hotspot\share\interpreter\linkResolver.cpp, line 796]
Event: 4.203 Thread 0x000002550b6f2840 Exception <a 'java/lang/NoSuchMethodError'{0x00000000c38a21f8}: 'java.lang.Object java.lang.invoke.DirectMethodHandle$Holder.newInvokeSpecial(java.lang.Object, java.lang.Object, int)'> (0x00000000c38a21f8) 
thrown [s\open\src\hotspot\share\interpreter\linkResolver.cpp, line 796]
Event: 4.333 Thread 0x000002550b6f2840 Exception <a 'java/lang/NoSuchMethodError'{0x00000000c36296b0}: 'long java.lang.invoke.DirectMethodHandle$Holder.invokeStatic(java.lang.Object, java.lang.Object, java.lang.Object)'> (0x00000000c36296b0) 
thrown [s\open\src\hotspot\share\interpreter\linkResolver.cpp, line 796]
Event: 4.334 Thread 0x000002550b6f2840 Exception <a 'java/lang/NoSuchMethodError'{0x00000000c362ca98}: 'long java.lang.invoke.DirectMethodHandle$Holder.invokeStaticInit(java.lang.Object, java.lang.Object, java.lang.Object)'> (0x00000000c362ca98) 
thrown [s\open\src\hotspot\share\interpreter\linkResolver.cpp, line 796]
Event: 4.336 Thread 0x000002550b6f2840 Exception <a 'java/lang/NoSuchMethodError'{0x00000000c3641238}: 'java.lang.Object java.lang.invoke.DirectMethodHandle$Holder.newInvokeSpecial(java.lang.Object, java.lang.Object, long)'> (0x00000000c3641238) 
thrown [s\open\src\hotspot\share\interpreter\linkResolver.cpp, line 796]

VM Operations (20 events):
Event: 1.397 Executing VM operation: HandshakeAllThreads (Deoptimize)
Event: 1.397 Executing VM operation: HandshakeAllThreads (Deoptimize) done
Event: 2.516 Executing VM operation: HandshakeAllThreads (Deoptimize)
Event: 2.516 Executing VM operation: HandshakeAllThreads (Deoptimize) done
Event: 2.609 Executing VM operation: G1CollectForAllocation (G1 Evacuation Pause)
Event: 2.616 Executing VM operation: G1CollectForAllocation (G1 Evacuation Pause) done
Event: 2.786 Executing VM operation: HandshakeAllThreads (Deoptimize)
Event: 2.786 Executing VM operation: HandshakeAllThreads (Deoptimize) done
Event: 3.398 Executing VM operation: G1CollectForAllocation (G1 Evacuation Pause)
Event: 3.404 Executing VM operation: G1CollectForAllocation (G1 Evacuation Pause) done
Event: 3.444 Executing VM operation: HandshakeAllThreads (Deoptimize)
Event: 3.444 Executing VM operation: HandshakeAllThreads (Deoptimize) done
Event: 3.946 Executing VM operation: CollectForMetadataAllocation (Metadata GC Threshold)
Event: 3.953 Executing VM operation: CollectForMetadataAllocation (Metadata GC Threshold) done
Event: 3.953 Executing VM operation: CollectForMetadataAllocation (Metadata GC Threshold)
Event: 3.953 Executing VM operation: CollectForMetadataAllocation (Metadata GC Threshold) done
Event: 3.963 Executing VM operation: G1PauseRemark
Event: 3.966 Executing VM operation: G1PauseRemark done
Event: 3.969 Executing VM operation: G1PauseCleanup
Event: 3.970 Executing VM operation: G1PauseCleanup done

Memory protections (0 events):
No events

Nmethod flushes (0 events):
No events

Events (20 events):
Event: 0.079 Thread 0x00000254a9dd1f30 Thread added: 0x00000254c5683280
Event: 0.079 Thread 0x00000254a9dd1f30 Thread added: 0x00000254c56839c0
Event: 0.079 Thread 0x00000254a9dd1f30 Thread added: 0x00000254c5686040
Event: 0.079 Thread 0x00000254a9dd1f30 Thread added: 0x00000254c568b350
Event: 0.080 Thread 0x00000254a9dd1f30 Thread added: 0x00000254c568db10
Event: 0.080 Thread 0x00000254a9dd1f30 Thread added: 0x00000254c5695850
Event: 0.135 Thread 0x00000254a9dd1f30 Thread added: 0x00000254c5790960
Event: 0.492 Thread 0x00000254a9dd1f30 Thread added: 0x00000254c57930c0
Event: 0.492 Thread 0x00000254a9dd1f30 Thread added: 0x00000254c5790ff0
Event: 1.241 Thread 0x00000254a9dd1f30 Thread added: 0x00000254c5792a30
Event: 1.274 Thread 0x00000254c56839c0 Thread added: 0x00000254c5793750
Event: 1.344 Thread 0x00000254c5793750 Thread added: 0x00000254c57923a0
Event: 1.380 Thread 0x00000254c57923a0 Thread added: 0x00000254c57902d0
Event: 1.393 Thread 0x00000254c57923a0 Thread added: 0x00000254c5791680
Event: 1.431 Thread 0x00000254a9dd1f30 Thread added: 0x00000254c5791d10
Event: 1.436 Thread 0x00000254a9dd1f30 Thread added: 0x000002550b6f2840
Event: 2.092 Thread 0x000002550b6ef3c0 Thread added: 0x000002550b6ef3c0
Event: 2.114 Thread 0x00000254a9dd1f30 Thread added: 0x000002550b6f00e0
Event: 3.945 Thread 0x000002550b6f2840 Thread added: 0x000002550b6ed980
Event: 4.459 Thread 0x00000254c5792a30 Thread added: 0x000002550b6f1b20


Dynamic libraries:
0x00007ff750560000 - 0x00007ff750570000 	C:\Program Files\Java\jdk-23\bin\java.exe
0x00007ffa293f0000 - 0x00007ffa295e8000 	C:\Windows\SYSTEM32\ntdll.dll
0x00007ff9fa320000 - 0x00007ff9fa33a000 	C:\Program Files\Avast Software\Avast\aswhook.dll
0x00007ffa28520000 - 0x00007ffa285dd000 	C:\Windows\System32\KERNEL32.DLL
0x00007ffa26f50000 - 0x00007ffa2721e000 	C:\Windows\System32\KERNELBASE.dll
0x00007ffa26c50000 - 0x00007ffa26d50000 	C:\Windows\System32\ucrtbase.dll
0x00007ffa16c10000 - 0x00007ffa16c27000 	C:\Program Files\Java\jdk-23\bin\jli.dll
0x00007ffa15cb0000 - 0x00007ffa15ccb000 	C:\Program Files\Java\jdk-23\bin\VCRUNTIME140.dll
0x00007ffa27e00000 - 0x00007ffa27fa0000 	C:\Windows\System32\USER32.dll
0x00007ffa27220000 - 0x00007ffa27242000 	C:\Windows\System32\win32u.dll
0x00007ffa13060000 - 0x00007ffa132fa000 	C:\Windows\WinSxS\amd64_microsoft.windows.common-controls_6595b64144ccf1df_6.0.19041.1110_none_60b5254171f9507e\COMCTL32.dll
0x00007ffa28ae0000 - 0x00007ffa28b0a000 	C:\Windows\System32\GDI32.dll
0x00007ffa28a20000 - 0x00007ffa28abe000 	C:\Windows\System32\msvcrt.dll
0x00007ffa26d50000 - 0x00007ffa26e5b000 	C:\Windows\System32\gdi32full.dll
0x00007ffa273b0000 - 0x00007ffa2744d000 	C:\Windows\System32\msvcp_win.dll
0x00007ffa28dc0000 - 0x00007ffa28df0000 	C:\Windows\System32\IMM32.DLL
0x00007ffa16c00000 - 0x00007ffa16c0c000 	C:\Program Files\Java\jdk-23\bin\vcruntime140_1.dll
0x00007ffa15560000 - 0x00007ffa155ee000 	C:\Program Files\Java\jdk-23\bin\msvcp140.dll
0x00007ff9e1e70000 - 0x00007ff9e2bc0000 	C:\Program Files\Java\jdk-23\bin\server\jvm.dll
0x00007ffa29300000 - 0x00007ffa293ae000 	C:\Windows\System32\ADVAPI32.dll
0x00007ffa28470000 - 0x00007ffa2850c000 	C:\Windows\System32\sechost.dll
0x00007ffa27580000 - 0x00007ffa276a5000 	C:\Windows\System32\RPCRT4.dll
0x00007ffa27510000 - 0x00007ffa2757b000 	C:\Windows\System32\WS2_32.dll
0x00007ffa260a0000 - 0x00007ffa260eb000 	C:\Windows\SYSTEM32\POWRPROF.dll
0x00007ff9f51e0000 - 0x00007ff9f5207000 	C:\Windows\SYSTEM32\WINMM.dll
0x00007ffa21cf0000 - 0x00007ffa21cfa000 	C:\Windows\SYSTEM32\VERSION.dll
0x00007ffa25f10000 - 0x00007ffa25f22000 	C:\Windows\SYSTEM32\UMPDC.dll
0x00007ffa249d0000 - 0x00007ffa249e2000 	C:\Windows\SYSTEM32\kernel.appcore.dll
0x00007ffa15ca0000 - 0x00007ffa15caa000 	C:\Program Files\Java\jdk-23\bin\jimage.dll
0x00007ffa14890000 - 0x00007ffa14a74000 	C:\Windows\SYSTEM32\DBGHELP.DLL
0x00007ffa14ca0000 - 0x00007ffa14ccc000 	C:\Windows\SYSTEM32\dbgcore.DLL
0x00007ffa26bc0000 - 0x00007ffa26c42000 	C:\Windows\System32\bcryptPrimitives.dll
0x00007ffa15b10000 - 0x00007ffa15b1f000 	C:\Program Files\Java\jdk-23\bin\instrument.dll
0x00007ffa15c80000 - 0x00007ffa15c9e000 	C:\Program Files\Java\jdk-23\bin\java.dll
0x00007ffa291d0000 - 0x00007ffa292fa000 	C:\Windows\System32\ole32.dll
0x00007ffa285e0000 - 0x00007ffa28934000 	C:\Windows\System32\combase.dll
0x00007ffa276b0000 - 0x00007ffa27df4000 	C:\Windows\System32\SHELL32.dll
0x00007ffa24bd0000 - 0x00007ffa25364000 	C:\Windows\SYSTEM32\windows.storage.dll
0x00007ffa26490000 - 0x00007ffa264c0000 	C:\Windows\SYSTEM32\Wldp.dll
0x00007ffa28df0000 - 0x00007ffa28e9d000 	C:\Windows\System32\SHCORE.dll
0x00007ffa289c0000 - 0x00007ffa28a15000 	C:\Windows\System32\shlwapi.dll
0x00007ffa26a50000 - 0x00007ffa26a6f000 	C:\Windows\SYSTEM32\profapi.dll
0x00007ff9f8490000 - 0x00007ff9f8567000 	C:\Program Files\Java\jdk-23\bin\jsvml.dll
0x00007ffa15550000 - 0x00007ffa15560000 	C:\Program Files\Java\jdk-23\bin\net.dll
0x00007ffa26270000 - 0x00007ffa262da000 	C:\Windows\system32\mswsock.dll
0x00007ffa145b0000 - 0x00007ffa145c6000 	C:\Program Files\Java\jdk-23\bin\nio.dll
0x00007ffa13330000 - 0x00007ffa13347000 	C:\Program Files\Java\jdk-23\bin\zip.dll
0x00000254a9d70000 - 0x00000254a9d73000 	C:\Users\DELL\.openjfx\cache\17.0.6\api-ms-win-core-console-l1-1-0.dll
0x00000254a9d80000 - 0x00000254a9d83000 	C:\Users\DELL\.openjfx\cache\17.0.6\api-ms-win-core-console-l1-2-0.dll
0x00000254a9d90000 - 0x00000254a9d93000 	C:\Users\DELL\.openjfx\cache\17.0.6\api-ms-win-core-datetime-l1-1-0.dll
0x00007ffa25f80000 - 0x00007ffa2604a000 	C:\Windows\SYSTEM32\DNSAPI.dll
0x00007ffa25f30000 - 0x00007ffa25f6b000 	C:\Windows\SYSTEM32\IPHLPAPI.DLL
0x00007ffa29130000 - 0x00007ffa29138000 	C:\Windows\System32\NSI.dll
0x00007ffa1e920000 - 0x00007ffa1e92a000 	C:\Windows\System32\rasadhlp.dll
0x00000254c5e80000 - 0x00000254c5e83000 	C:\Users\DELL\.openjfx\cache\17.0.6\api-ms-win-core-debug-l1-1-0.dll
0x00007ffa1fbf0000 - 0x00007ffa1fc70000 	C:\Windows\System32\fwpuclnt.dll
0x00007ffa26e60000 - 0x00007ffa26e87000 	C:\Windows\System32\bcrypt.dll
0x00000254c5e90000 - 0x00000254c5e93000 	C:\Users\DELL\.openjfx\cache\17.0.6\api-ms-win-core-errorhandling-l1-1-0.dll
0x00000254c5ea0000 - 0x00000254c5ea4000 	C:\Users\DELL\.openjfx\cache\17.0.6\api-ms-win-core-file-l1-1-0.dll
0x00007ffa15540000 - 0x00007ffa1554a000 	C:\Program Files\Java\jdk-23\bin\management.dll
0x00000254c5eb0000 - 0x00000254c5eb3000 	C:\Users\DELL\.openjfx\cache\17.0.6\api-ms-win-core-file-l1-2-0.dll
0x00000254c5ec0000 - 0x00000254c5ec3000 	C:\Users\DELL\.openjfx\cache\17.0.6\api-ms-win-core-file-l2-1-0.dll
0x00000254c5ed0000 - 0x00000254c5ed3000 	C:\Users\DELL\.openjfx\cache\17.0.6\api-ms-win-core-handle-l1-1-0.dll
0x00000254c5ee0000 - 0x00000254c5ee3000 	C:\Users\DELL\.openjfx\cache\17.0.6\api-ms-win-core-heap-l1-1-0.dll
0x00000254c5ef0000 - 0x00000254c5ef3000 	C:\Users\DELL\.openjfx\cache\17.0.6\api-ms-win-core-interlocked-l1-1-0.dll
0x00007ffa154e0000 - 0x00007ffa154eb000 	C:\Program Files\Java\jdk-23\bin\management_ext.dll
0x00007ffa27450000 - 0x00007ffa27458000 	C:\Windows\System32\PSAPI.DLL
0x00000254c5f00000 - 0x00000254c5f03000 	C:\Users\DELL\.openjfx\cache\17.0.6\api-ms-win-core-libraryloader-l1-1-0.dll
0x00000254c5f10000 - 0x00000254c5f13000 	C:\Users\DELL\.openjfx\cache\17.0.6\api-ms-win-core-localization-l1-2-0.dll
0x00000254c5f20000 - 0x00000254c5f23000 	C:\Users\DELL\.openjfx\cache\17.0.6\api-ms-win-core-memory-l1-1-0.dll
0x00000254c5f30000 - 0x00000254c5f33000 	C:\Users\DELL\.openjfx\cache\17.0.6\api-ms-win-core-namedpipe-l1-1-0.dll
0x00000254c5f40000 - 0x00000254c5f43000 	C:\Users\DELL\.openjfx\cache\17.0.6\api-ms-win-core-processenvironment-l1-1-0.dll
0x00000254c5f50000 - 0x00000254c5f53000 	C:\Users\DELL\.openjfx\cache\17.0.6\api-ms-win-core-processthreads-l1-1-0.dll
0x00000254c5f60000 - 0x00000254c5f63000 	C:\Users\DELL\.openjfx\cache\17.0.6\api-ms-win-core-processthreads-l1-1-1.dll
0x00000254c5f70000 - 0x00000254c5f73000 	C:\Users\DELL\.openjfx\cache\17.0.6\api-ms-win-core-profile-l1-1-0.dll
0x00000254c5f80000 - 0x00000254c5f83000 	C:\Users\DELL\.openjfx\cache\17.0.6\api-ms-win-core-rtlsupport-l1-1-0.dll
0x00000254c5f90000 - 0x00000254c5f93000 	C:\Users\DELL\.openjfx\cache\17.0.6\api-ms-win-core-string-l1-1-0.dll
0x00000254c5fa0000 - 0x00000254c5fa3000 	C:\Users\DELL\.openjfx\cache\17.0.6\api-ms-win-core-synch-l1-1-0.dll
0x00000254c5fb0000 - 0x00000254c5fb3000 	C:\Users\DELL\.openjfx\cache\17.0.6\api-ms-win-core-synch-l1-2-0.dll
0x00000254c5fc0000 - 0x00000254c5fc3000 	C:\Users\DELL\.openjfx\cache\17.0.6\api-ms-win-core-sysinfo-l1-1-0.dll
0x00000254c5fd0000 - 0x00000254c5fd3000 	C:\Users\DELL\.openjfx\cache\17.0.6\api-ms-win-core-timezone-l1-1-0.dll
0x00000254c5fe0000 - 0x00000254c5fe3000 	C:\Users\DELL\.openjfx\cache\17.0.6\api-ms-win-core-util-l1-1-0.dll
0x00000254c5ff0000 - 0x00000254c5ff3000 	C:\Users\DELL\.openjfx\cache\17.0.6\api-ms-win-crt-conio-l1-1-0.dll
0x000002550b800000 - 0x000002550b804000 	C:\Users\DELL\.openjfx\cache\17.0.6\api-ms-win-crt-convert-l1-1-0.dll
0x000002550b810000 - 0x000002550b813000 	C:\Users\DELL\.openjfx\cache\17.0.6\api-ms-win-crt-environment-l1-1-0.dll
0x000002550b820000 - 0x000002550b823000 	C:\Users\DELL\.openjfx\cache\17.0.6\api-ms-win-crt-filesystem-l1-1-0.dll
0x000002550b830000 - 0x000002550b833000 	C:\Users\DELL\.openjfx\cache\17.0.6\api-ms-win-crt-heap-l1-1-0.dll
0x000002550b840000 - 0x000002550b843000 	C:\Users\DELL\.openjfx\cache\17.0.6\api-ms-win-crt-locale-l1-1-0.dll
0x000002550b850000 - 0x000002550b855000 	C:\Users\DELL\.openjfx\cache\17.0.6\api-ms-win-crt-math-l1-1-0.dll
0x000002550b860000 - 0x000002550b865000 	C:\Users\DELL\.openjfx\cache\17.0.6\api-ms-win-crt-multibyte-l1-1-0.dll
0x000002550b870000 - 0x000002550b880000 	C:\Users\DELL\.openjfx\cache\17.0.6\api-ms-win-crt-private-l1-1-0.dll
0x000002550b880000 - 0x000002550b883000 	C:\Users\DELL\.openjfx\cache\17.0.6\api-ms-win-crt-process-l1-1-0.dll
0x000002550b890000 - 0x000002550b894000 	C:\Users\DELL\.openjfx\cache\17.0.6\api-ms-win-crt-runtime-l1-1-0.dll
0x000002550b8a0000 - 0x000002550b8a4000 	C:\Users\DELL\.openjfx\cache\17.0.6\api-ms-win-crt-stdio-l1-1-0.dll
0x000002550b8b0000 - 0x000002550b8b4000 	C:\Users\DELL\.openjfx\cache\17.0.6\api-ms-win-crt-string-l1-1-0.dll
0x000002550b8c0000 - 0x000002550b8c3000 	C:\Users\DELL\.openjfx\cache\17.0.6\api-ms-win-crt-time-l1-1-0.dll
0x000002550b8d0000 - 0x000002550b8d3000 	C:\Users\DELL\.openjfx\cache\17.0.6\api-ms-win-crt-utility-l1-1-0.dll
0x00007ffa07670000 - 0x00007ffa0776c000 	C:\Users\DELL\.openjfx\cache\17.0.6\ucrtbase.dll
0x00007ffa145d0000 - 0x00007ffa145ea000 	C:\Users\DELL\.openjfx\cache\17.0.6\vcruntime140.dll
0x00007ffa14f10000 - 0x00007ffa14f1c000 	C:\Users\DELL\.openjfx\cache\17.0.6\vcruntime140_1.dll
0x00007ffa0a300000 - 0x00007ffa0a38d000 	C:\Users\DELL\.openjfx\cache\17.0.6\msvcp140.dll
0x00007ffa13de0000 - 0x00007ffa13de9000 	C:\Users\DELL\.openjfx\cache\17.0.6\msvcp140_1.dll
0x00007ffa12570000 - 0x00007ffa1259f000 	C:\Users\DELL\.openjfx\cache\17.0.6\msvcp140_2.dll
0x00007ffa264d0000 - 0x00007ffa264e8000 	C:\Windows\SYSTEM32\CRYPTSP.dll
0x00007ffa25ba0000 - 0x00007ffa25bd4000 	C:\Windows\system32\rsaenh.dll
0x00007ffa269d0000 - 0x00007ffa269fe000 	C:\Windows\SYSTEM32\USERENV.dll
0x00007ffa26400000 - 0x00007ffa2640c000 	C:\Windows\SYSTEM32\CRYPTBASE.dll
0x00007ff9fbe90000 - 0x00007ff9fbea7000 	C:\Windows\system32\napinsp.dll
0x00007ff9fbe70000 - 0x00007ff9fbe8b000 	C:\Windows\system32\pnrpnsp.dll
0x00007ffa17400000 - 0x00007ffa17415000 	C:\Windows\system32\wshbth.dll
0x00007ffa21dc0000 - 0x00007ffa21ddd000 	C:\Windows\system32\NLAapi.dll
0x00007ff9fbe50000 - 0x00007ff9fbe62000 	C:\Windows\System32\winrnr.dll
0x00007ffa123f0000 - 0x00007ffa1241a000 	C:\Users\DELL\.openjfx\cache\17.0.6\prism_d3d.dll
0x00007ff9c70c0000 - 0x00007ff9c728f000 	C:\Windows\system32\d3d9.dll
0x00007ffa246e0000 - 0x00007ffa2470f000 	C:\Windows\SYSTEM32\dwmapi.dll
0x00007ffa244b0000 - 0x00007ffa2454e000 	C:\Windows\system32\uxtheme.dll
0x00007ff9e57b0000 - 0x00007ff9e5915000 	C:\Windows\System32\DriverStore\FileRepository\iigd_dch.inf_amd64_4de65d949492707a\igdumdim64.dll
0x00007ff9db2c0000 - 0x00007ff9def4b000 	C:\Windows\System32\DriverStore\FileRepository\iigd_dch.inf_amd64_4de65d949492707a\igd9dxva64.dll
0x00007ffa28c30000 - 0x00007ffa28cfd000 	C:\Windows\System32\OLEAUT32.dll
0x00007ffa28000000 - 0x00007ffa2846f000 	C:\Windows\System32\SETUPAPI.dll
0x00007ffa26f00000 - 0x00007ffa26f4e000 	C:\Windows\System32\cfgmgr32.dll
0x00007ffa1a520000 - 0x00007ffa1a856000 	C:\Windows\System32\DriverStore\FileRepository\iigd_dch.inf_amd64_4de65d949492707a\igdgmm64.dll
0x00007ffa0aa50000 - 0x00007ffa0aa92000 	C:\Users\DELL\.openjfx\cache\17.0.6\glass.dll
0x00007ffa29050000 - 0x00007ffa2912a000 	C:\Windows\System32\COMDLG32.dll
0x00007ffa28b10000 - 0x00007ffa28c25000 	C:\Windows\System32\MSCTF.dll
0x00007ffa13350000 - 0x00007ffa13377000 	C:\Windows\System32\DriverStore\FileRepository\iigd_dch.inf_amd64_4de65d949492707a\igdinfo64.dll
0x00007ffa174b0000 - 0x00007ffa1a23f000 	C:\Windows\System32\DriverStore\FileRepository\iigd_dch.inf_amd64_4de65d949492707a\igc64.dll
0x00007ffa1c3f0000 - 0x00007ffa1c42b000 	C:\Windows\SYSTEM32\dxcore.dll

dbghelp: loaded successfully - version: 4.0.5 - missing functions: none
symbol engine: initialized successfully - sym options: 0x614 - pdb path: .;C:\Program Files\Java\jdk-23\bin;C:\Windows\SYSTEM32;C:\Program Files\Avast Software\Avast;C:\Windows\WinSxS\amd64_microsoft.windows.common-controls_6595b64144ccf1df_6.0.19041.1110_none_60b5254171f9507e;C:\Program Files\Java\jdk-23\bin\server;C:\Users\DELL\.openjfx\cache\17.0.6;C:\Windows\System32\DriverStore\FileRepository\iigd_dch.inf_amd64_4de65d949492707a;C:\Program Files\Common Files\Microsoft Shared\Ink

VM Arguments:
jvm_args: -javaagent:D:\IntelliJ IDEA 2024.3.4.1\lib\idea_rt.jar=57939 -Dfile.encoding=UTF-8 -Dsun.stdout.encoding=UTF-8 -Dsun.stderr.encoding=UTF-8 --module-path=C:\Users\DELL\.m2\repository\com\fasterxml\jackson\core\jackson-databind\2.14.2\jackson-databind-2.14.2.jar;C:\Users\DELL\.m2\repository\com\gluonhq\attach\audio\4.0.17\audio-4.0.17.jar;C:\Users\DELL\.m2\repository\eu\hansolo\toolboxfx\21.0.3\toolboxfx-21.0.3.jar;C:\Users\DELL\.m2\repository\eu\hansolo\fx\countries\21.0.3\countries-21.0.3.jar;C:\Users\DELL\.m2\repository\com\github\almasb\fxgl\17.3\fxgl-17.3.jar;C:\Users\DELL\.m2\repository\com\fasterxml\jackson\core\jackson-annotations\2.14.2\jackson-annotations-2.14.2.jar;C:\Users\DELL\.m2\repository\com\fasterxml\jackson\core\jackson-core\2.14.2\jackson-core-2.14.2.jar;C:\Users\DELL\.m2\repository\org\openjfx\javafx-web\17.0.6\javafx-web-17.0.6-win.jar;C:\Users\DELL\.m2\repository\org\openjfx\javafx-swing\17.0.6\javafx-swing-17.0.6-win.jar;C:\Users\DELL\.m2\repository\org\kordamp\bootstrapfx\bootstrapfx-core\0.4.0\bootstrapfx-core-0.4.0.jar;C:\Users\DELL\.m2\repository\com\gluonhq\attach\util\4.0.17\util-4.0.17.jar;C:\Users\DELL\.m2\repository\com\github\almasb\fxgl-entity\17.3\fxgl-entity-17.3.jar;C:\Users\DELL\.m2\repository\org\openjfx\javafx-controls\17.0.6\javafx-controls-17.0.6-win.jar;C:\Users\DELL\.m2\repository\com\github\almasb\fxgl-core\17.3\fxgl-core-17.3.jar;D:\chatbot\chatbot\target\classes;C:\Users\DELL\.m2\repository\com\dlsc\formsfx\formsfx-core\11.6.0\formsfx-core-11.6.0.jar;C:\Users\DELL\.m2\repository\com\github\almasb\fxgl-io\17.3\fxgl-io-17.3.jar;C:\Users\DELL\.m2\repository\org\jetbrains\kotlin\kotlin-stdlib\1.8.10\kotlin-stdlib-1.8.10.jar;C:\Users\DELL\.m2\repository\net\synedra\validatorfx\0.5.0\validatorfx-0.5.0.jar;C:\Users\DELL\.m2\repository\eu\hansolo\fx\heatmap\21.0.3\heatmap-21.0.3.jar;C:\Users\DELL\.m2\repository\org\kordamp\ikonli\ikonli-javafx\12.3.1\ikonli-javafx-12.3.1.jar;C:\Users\DELL\.m2\repository\com\github\almasb\fxgl-scene\17.3\fxgl-scene-17.3.jar;C:\Users\DELL\.m2\repository\org\openjfx\javafx-base\17.0.6\javafx-base-17.0.6-win.jar;C:\Users\DELL\.m2\repo-Djdk.module.main=org.example.chatbot 
java_command: org.example.chatbot/com.chatbot.MainApp
java_class_path (initial): C:\Users\DELL\.m2\repository\org\openjfx\javafx-controls\17.0.6\javafx-controls-17.0.6.jar;C:\Users\DELL\.m2\repository\org\openjfx\javafx-graphics\17.0.6\javafx-graphics-17.0.6.jar;C:\Users\DELL\.m2\repository\org\openjfx\javafx-base\17.0.6\javafx-base-17.0.6.jar;C:\Users\DELL\.m2\repository\org\openjfx\javafx-fxml\17.0.6\javafx-fxml-17.0.6.jar;C:\Users\DELL\.m2\repository\org\openjfx\javafx-web\17.0.6\javafx-web-17.0.6.jar;C:\Users\DELL\.m2\repository\org\openjfx\javafx-swing\17.0.6\javafx-swing-17.0.6.jar;C:\Users\DELL\.m2\repository\org\openjfx\javafx-media\17.0.6\javafx-media-17.0.6.jar;C:\Users\DELL\.m2\repository\org\jetbrains\kotlin\kotlin-stdlib-common\1.8.10\kotlin-stdlib-common-1.8.10.jar;C:\Users\DELL\.m2\repository\org\jetbrains\annotations\13.0\annotations-13.0.jar
Launcher Type: SUN_STANDARD

[Global flags]
     intx CICompilerCount                          = 4                                         {product} {ergonomic}
     uint ConcGCThreads                            = 2                                         {product} {ergonomic}
     uint G1ConcRefinementThreads                  = 8                                         {product} {ergonomic}
   size_t G1HeapRegionSize                         = 1048576                                   {product} {ergonomic}
   size_t InitialHeapSize                          = 65011712                                  {product} {ergonomic}
   size_t MarkStackSize                            = 4194304                                   {product} {ergonomic}
   size_t MarkStackSizeMax                         = 536870912                                 {product} {ergonomic}
   size_t MaxHeapSize                              = 1040187392                                {product} {ergonomic}
   size_t MaxNewSize                               = 623902720                                 {product} {ergonomic}
   size_t MinHeapDeltaBytes                        = 1048576                                   {product} {ergonomic}
   size_t MinHeapSize                              = 8388608                                   {product} {ergonomic}
    uintx NonNMethodCodeHeapSize                   = 5832704                                {pd product} {ergonomic}
    uintx NonProfiledCodeHeapSize                  = 122945536                              {pd product} {ergonomic}
    uintx ProfiledCodeHeapSize                     = 122880000                              {pd product} {ergonomic}
    uintx ReservedCodeCacheSize                    = 251658240                              {pd product} {ergonomic}
     bool SegmentedCodeCache                       = true                                      {product} {ergonomic}
   size_t SoftMaxHeapSize                          = 1040187392                             {manageable} {ergonomic}
     bool UseCompressedOops                        = true                           {product lp64_product} {ergonomic}
     bool UseG1GC                                  = true                                      {product} {ergonomic}
     bool UseLargePagesIndividualAllocation        = false                                  {pd product} {ergonomic}

Logging:
Log output configuration:
 #0: stdout all=warning uptime,level,tags foldmultilines=false
 #1: stderr all=off uptime,level,tags foldmultilines=false

Environment Variables:
PATH=C:\Program Files\Common Files\Oracle\Java\javapath;C:\Windows\system32;C:\Windows;C:\Windows\System32\Wbem;C:\Windows\System32\WindowsPowerShell\v1.0\;C:\Windows\System32\OpenSSH\;C:\Program Files\dotnet\;C:\Program Files (x86)\dotnet\;C:\Program Files\Git\cmd;C:\Program Files\nodejs\;C:\Users\DELL\AppData\Local\Programs\Python\Python39\Scripts\;C:\Users\DELL\AppData\Local\Programs\Python\Python39\;C:\Users\DELL\AppData\Local\Microsoft\WindowsApps;;D:\IntelliJ IDEA 2024.3.4.1\bin;;C:\Program Files\JetBrains\PyCharm 2024.3.5\bin;;C:\Users\DELL\AppData\Roaming\npm
USERNAME=DELL
OS=Windows_NT
PROCESSOR_IDENTIFIER=Intel64 Family 6 Model 142 Stepping 10, GenuineIntel
TMP=C:\Users\DELL\AppData\Local\Temp
TEMP=C:\Users\DELL\AppData\Local\Temp




Periodic native trim disabled

---------------  S Y S T E M  ---------------

OS:
 Windows 10 , 64 bit Build 19041 (10.0.19041.1889)
OS uptime: 0 days 9:24 hours
Hyper-V role detected

CPU: total 8 (initial active 8) (4 cores per cpu, 2 threads per core) family 6 model 142 stepping 10 microcode 0xb4, cx8, cmov, fxsr, ht, mmx, 3dnowpref, sse, sse2, sse3, ssse3, sse4.1, sse4.2, popcnt, lzcnt, tsc, tscinvbit, avx, avx2, aes, erms, clmul, bmi1, bmi2, adx, fma, vzeroupper, clflush, clflushopt, hv, rdtscp, f16c
Processor Information for the first 8 processors :
  Max Mhz: 1800, Current Mhz: 1600, Mhz Limit: 1584

Memory: 4k page, system-wide physical 3961M (90M free)
TotalPageFile size 8057M (AvailPageFile size 6M)
current process WorkingSet (physical memory assigned to process): 182M, peak: 198M
current process commit charge ("private bytes"): 218M, peak: 237M

vm_info: Java HotSpot(TM) 64-Bit Server VM (23.0.2+7-58) for windows-amd64 JRE (23.0.2+7-58), built on 2024-11-29T09:34:55Z with MS VC++ 17.6 (VS2022)

END.
